inferentdemo/build/outputs/logs/manifest-merger-debug-report.txt
-- Merging decision tree log ---
manifest
ADDED from src\main\AndroidManifest.xml:2:1-92:12
	package
		ADDED from src\main\AndroidManifest.xml:3:5-38
		INJECTED from src\main\AndroidManifest.xml
		INJECTED from src\main\AndroidManifest.xml
	android:versionName
		INJECTED from src\main\AndroidManifest.xml
		INJECTED from src\main\AndroidManifest.xml
	xmlns:android
		ADDED from src\main\AndroidManifest.xml:2:11-69
	android:versionCode
		INJECTED from src\main\AndroidManifest.xml
		INJECTED from src\main\AndroidManifest.xml
uses-permission#android.permission.TRANSMIT_IR
ADDED from src\main\AndroidManifest.xml:5:5-70
	android:name
		ADDED from src\main\AndroidManifest.xml:5:22-67
uses-feature#android.hardware.ConsumerIrManager
ADDED from src\main\AndroidManifest.xml:6:5-71
	android:name
		ADDED from src\main\AndroidManifest.xml:6:19-68
uses-permission#android.permission.READ_PHONE_STATE
ADDED from src\main\AndroidManifest.xml:7:5-75
	android:name
		ADDED from src\main\AndroidManifest.xml:7:22-72
uses-permission#android.permission.RECORD_AUDIO
ADDED from src\main\AndroidManifest.xml:8:5-71
	android:name
		ADDED from src\main\AndroidManifest.xml:8:22-68
uses-permission#android.permission.INTERNET
ADDED from src\main\AndroidManifest.xml:9:5-67
	android:name
		ADDED from src\main\AndroidManifest.xml:9:22-64
uses-permission#android.permission.ACCESS_NETWORK_STATE
ADDED from src\main\AndroidManifest.xml:10:5-79
	android:name
		ADDED from src\main\AndroidManifest.xml:10:22-76
uses-permission#android.permission.ACCESS_WIFI_STATE
ADDED from src\main\AndroidManifest.xml:11:5-76
	android:name
		ADDED from src\main\AndroidManifest.xml:11:22-73
uses-permission#android.permission.BAIDU_LOCATION_SERVICE
ADDED from src\main\AndroidManifest.xml:13:5-81
	android:name
		ADDED from src\main\AndroidManifest.xml:13:22-78
uses-permission#android.permission.READ_CONTACTS
ADDED from src\main\AndroidManifest.xml:14:5-72
	android:name
		ADDED from src\main\AndroidManifest.xml:14:22-69
uses-permission#android.permission.ACCESS_COARSE_LOCATION
ADDED from src\main\AndroidManifest.xml:15:5-81
	android:name
		ADDED from src\main\AndroidManifest.xml:15:22-78
uses-permission#android.permission.ACCESS_FINE_LOCATION
ADDED from src\main\AndroidManifest.xml:16:5-79
	android:name
		ADDED from src\main\AndroidManifest.xml:16:22-76
uses-permission#android.permission.READ_EXTERNAL_STORAGE
ADDED from src\main\AndroidManifest.xml:17:5-80
	android:name
		ADDED from src\main\AndroidManifest.xml:17:22-77
uses-permission#android.permission.WRITE_EXTERNAL_STORAGE
ADDED from src\main\AndroidManifest.xml:18:5-81
	android:name
		ADDED from src\main\AndroidManifest.xml:18:22-78
uses-permission#android.permission.CHANGE_WIFI_STATE
ADDED from src\main\AndroidManifest.xml:19:5-76
	android:name
		ADDED from src\main\AndroidManifest.xml:19:22-73
uses-permission#android.permission.MOUNT_UNMOUNT_FILESYSTEMS
ADDED from src\main\AndroidManifest.xml:20:5-84
	android:name
		ADDED from src\main\AndroidManifest.xml:20:22-81
uses-permission#android.permission.READ_LOGS
ADDED from src\main\AndroidManifest.xml:21:5-68
	android:name
		ADDED from src\main\AndroidManifest.xml:21:22-65
uses-permission#android.permission.GET_TASKS
ADDED from src\main\AndroidManifest.xml:23:5-68
	android:name
		ADDED from src\main\AndroidManifest.xml:23:22-65
application
ADDED from src\main\AndroidManifest.xml:25:5-90:19
MERGED from [infraredTV_Android_V:mylibrary:1.0.7] AndroidManifest.xml:11:5-15:19
	android:fitsSystemWindows
		ADDED from src\main\AndroidManifest.xml:31:9-41
	android:label
		ADDED from src\main\AndroidManifest.xml:29:9-41
	android:supportsRtl
		ADDED from [infraredTV_Android_V:mylibrary:1.0.7] AndroidManifest.xml:14:9-35
	android:allowBackup
		ADDED from src\main\AndroidManifest.xml:27:9-35
	android:icon
		ADDED from src\main\AndroidManifest.xml:28:9-48
	android:theme
		ADDED from src\main\AndroidManifest.xml:30:9-62
	android:name
		ADDED from src\main\AndroidManifest.xml:26:9-38
meta-data#app_key
ADDED from src\main\AndroidManifest.xml:32:9-34:64
	android:value
		ADDED from src\main\AndroidManifest.xml:34:13-61
	android:name
		ADDED from src\main\AndroidManifest.xml:33:13-35
meta-data#pack_id
ADDED from src\main\AndroidManifest.xml:35:9-37:52
	android:value
		ADDED from src\main\AndroidManifest.xml:37:13-49
	android:name
		ADDED from src\main\AndroidManifest.xml:36:13-35
activity#com.sample.inferentdemo.imain.MainActivity
ADDED from src\main\AndroidManifest.xml:39:9-51:20
	android:screenOrientation
		ADDED from src\main\AndroidManifest.xml:44:13-49
	android:label
		ADDED from src\main\AndroidManifest.xml:40:13-45
	android:launchMode
		ADDED from src\main\AndroidManifest.xml:41:13-44
	android:windowSoftInputMode
		ADDED from src\main\AndroidManifest.xml:43:13-82
	android:configChanges
		ADDED from src\main\AndroidManifest.xml:42:13-60
	android:name
		ADDED from src\main\AndroidManifest.xml:39:19-53
intent-filter#android.intent.action.MAIN+android.intent.category.LAUNCHER
ADDED from src\main\AndroidManifest.xml:45:13-50:29
action#android.intent.action.MAIN
ADDED from src\main\AndroidManifest.xml:46:17-47:24
	android:name
		ADDED from src\main\AndroidManifest.xml:46:25-66
category#android.intent.category.LAUNCHER
ADDED from src\main\AndroidManifest.xml:49:17-77
	android:name
		ADDED from src\main\AndroidManifest.xml:49:27-74
activity#com.sample.inferentdemo.imain.FirstOperatorSettingsActivity
ADDED from src\main\AndroidManifest.xml:54:9-56:20
	android:screenOrientation
		ADDED from src\main\AndroidManifest.xml:55:13-49
	android:name
		ADDED from src\main\AndroidManifest.xml:54:19-70
service#com.sample.inferentdemo.service.VoiceSdkService
ADDED from src\main\AndroidManifest.xml:58:9-60:39
	android:exported
		ADDED from src\main\AndroidManifest.xml:60:13-36
	android:name
		ADDED from src\main\AndroidManifest.xml:59:13-52
meta-data#BUG_HD_SDK_GENERAL_KEY
ADDED from src\main\AndroidManifest.xml:62:9-64:64
	android:value
		ADDED from src\main\AndroidManifest.xml:64:13-61
	android:name
		ADDED from src\main\AndroidManifest.xml:63:13-50
meta-data#bundle_id
ADDED from src\main\AndroidManifest.xml:65:9-67:56
	android:value
		ADDED from src\main\AndroidManifest.xml:67:13-53
	android:name
		ADDED from src\main\AndroidManifest.xml:66:13-37
meta-data#api_token
ADDED from src\main\AndroidManifest.xml:68:9-70:64
	android:value
		ADDED from src\main\AndroidManifest.xml:70:13-61
	android:name
		ADDED from src\main\AndroidManifest.xml:69:13-37
service#com.baidu.location.f
ADDED from src\main\AndroidManifest.xml:72:9-75:41
	android:enabled
		ADDED from src\main\AndroidManifest.xml:74:13-35
	android:process
		ADDED from src\main\AndroidManifest.xml:75:13-38
	android:name
		ADDED from src\main\AndroidManifest.xml:73:13-48
meta-data#com.baidu.lbsapi.API_KEY
ADDED from src\main\AndroidManifest.xml:77:9-79:56
	android:value
		ADDED from src\main\AndroidManifest.xml:79:13-53
	android:name
		ADDED from src\main\AndroidManifest.xml:78:13-52
activity#com.sample.inferentdemo.imain.KeyBoardActivity
ADDED from src\main\AndroidManifest.xml:81:9-82:51
	android:screenOrientation
		ADDED from src\main\AndroidManifest.xml:82:13-49
	android:name
		ADDED from src\main\AndroidManifest.xml:81:19-57
activity#com.sample.inferentdemo.imain.OtherSetingsActivity
ADDED from src\main\AndroidManifest.xml:83:9-84:51
	android:screenOrientation
		ADDED from src\main\AndroidManifest.xml:84:13-49
	android:name
		ADDED from src\main\AndroidManifest.xml:83:19-61
activity#com.sample.inferentdemo.imain.MainSetingsActivity
ADDED from src\main\AndroidManifest.xml:85:9-86:51
	android:screenOrientation
		ADDED from src\main\AndroidManifest.xml:86:13-49
	android:name
		ADDED from src\main\AndroidManifest.xml:85:19-60
activity#com.sample.inferentdemo.imain.OperatorSettingsActivity
ADDED from src\main\AndroidManifest.xml:87:9-88:61
	android:screenOrientation
		ADDED from src\main\AndroidManifest.xml:88:13-49
	android:name
		ADDED from src\main\AndroidManifest.xml:87:19-65
uses-sdk
INJECTED from src\main\AndroidManifest.xml reason: use-sdk injection requested
MERGED from [infraredTV_Android_V:mylibrary:1.0.7] AndroidManifest.xml:7:5-9:41
	android:targetSdkVersion
		INJECTED from src\main\AndroidManifest.xml
		INJECTED from src\main\AndroidManifest.xml
	android:minSdkVersion
		INJECTED from src\main\AndroidManifest.xml
		INJECTED from src\main\AndroidManifest.xml